<?xml version="1.0" encoding="UTF-8"?>
<robot generator="Robot 4.1.3 (Python 3.10.2 on win32)" generated="20220404 15:36:34.299" rpa="false" schemaversion="2">
<suite id="s1" name="FrontOffice" source="C:\Users\carlos.picon\Development\robot-scripts\front-office-1\tests">
<suite id="s1-s1" name="FrontOffice" source="C:\Users\carlos.picon\Development\robot-scripts\front-office-1\tests\FrontOffice.robot">
<test id="s1-s1-t1" name="Should be able to access &quot;About&quot; page">
<kw name="Begin Web Test" library="CommonWeb" type="SETUP">
<kw name="Open Browser" library="SeleniumLibrary">
<arg>${URL}</arg>
<arg>${BROWSER}</arg>
<doc>Opens a new browser instance to the optional ``url``.</doc>
<msg timestamp="20220404 15:36:34.610" level="INFO">Opening browser 'chrome' to base url 'https://www.robotframeworktutorial.com'.</msg>
<status status="PASS" starttime="20220404 15:36:34.610" endtime="20220404 15:37:18.389"/>
</kw>
<kw name="Maximize Browser Window" library="SeleniumLibrary">
<doc>Maximizes current browser window.</doc>
<status status="PASS" starttime="20220404 15:37:18.389" endtime="20220404 15:37:18.655"/>
</kw>
<status status="PASS" starttime="20220404 15:36:34.609" endtime="20220404 15:37:18.655"/>
</kw>
<kw name="Go to Landing Page" library="FrontOfficeApp">
<kw name="Navigate to" library="Landing">
<kw name="Go To" library="SeleniumLibrary">
<arg>${URL}</arg>
<doc>Navigates the current browser window to the provided ``url``.</doc>
<msg timestamp="20220404 15:37:18.658" level="INFO">Opening url 'https://www.robotframeworktutorial.com'</msg>
<status status="PASS" starttime="20220404 15:37:18.658" endtime="20220404 15:37:58.408"/>
</kw>
<status status="PASS" starttime="20220404 15:37:18.657" endtime="20220404 15:37:58.408"/>
</kw>
<kw name="Verify Page Loaded" library="Landing">
<kw name="Wait Until Page Contains Element" library="SeleniumLibrary">
<arg>${LANDING_NAVIGATION_ELEMENT}</arg>
<doc>Waits until the element ``locator`` appears on the current page.</doc>
<status status="PASS" starttime="20220404 15:37:58.410" endtime="20220404 15:37:58.426"/>
</kw>
<status status="PASS" starttime="20220404 15:37:58.408" endtime="20220404 15:37:58.426"/>
</kw>
<status status="PASS" starttime="20220404 15:37:18.656" endtime="20220404 15:37:58.426"/>
</kw>
<kw name="Go to &quot;About&quot; Page" library="FrontOfficeApp">
<kw name="Select &quot;About&quot; Page" library="TopNav">
<kw name="Click Element" library="SeleniumLibrary">
<arg>${TOP_NAV_ABOUT_LINK}</arg>
<doc>Click the element identified by ``locator``.</doc>
<msg timestamp="20220404 15:37:58.428" level="INFO">Clicking element 'xpath=//*[@id="block-1602256221872"]/div/a[1]'.</msg>
<msg timestamp="20220404 15:38:16.271" level="WARN">Retrying (Retry(total=2, connect=None, read=None, redirect=None, status=None)) after connection broken by 'NewConnectionError('&lt;urllib3.connection.HTTPConnection object at 0x0000021A60E49BA0&gt;: Failed to establish a new connection: [WinError 10061] No connection could be made because the target machine actively refused it')': /session/ab65cf6469640bc07443b019211b2822/screenshot</msg>
<msg timestamp="20220404 15:38:20.371" level="WARN">Retrying (Retry(total=1, connect=None, read=None, redirect=None, status=None)) after connection broken by 'NewConnectionError('&lt;urllib3.connection.HTTPConnection object at 0x0000021A60E49CF0&gt;: Failed to establish a new connection: [WinError 10061] No connection could be made because the target machine actively refused it')': /session/ab65cf6469640bc07443b019211b2822/screenshot</msg>
<errors>
<msg timestamp="20220404 15:38:16.271" level="WARN">Retrying (Retry(total=2, connect=None, read=None, redirect=None, status=None)) after connection broken by 'NewConnectionError('&lt;urllib3.connection.HTTPConnection object at 0x0000021A60E49BA0&gt;: Failed to establish a new connection: [WinError 10061] No connection could be made because the target machine actively refused it')': /session/ab65cf6469640bc07443b019211b2822/screenshot</msg>
<msg timestamp="20220404 15:38:20.371" level="WARN">Retrying (Retry(total=1, connect=None, read=None, redirect=None, status=None)) after connection broken by 'NewConnectionError('&lt;urllib3.connection.HTTPConnection object at 0x0000021A60E49CF0&gt;: Failed to establish a new connection: [WinError 10061] No connection could be made because the target machine actively refused it')': /session/ab65cf6469640bc07443b019211b2822/screenshot</msg>
<msg timestamp="20220404 15:38:24.456" level="ERROR">Execution stopped by user.</msg>
</errors>
</robot>
