<?xml version="1.0" encoding="UTF-8"?>
<robot generator="Robot 4.1.3 (Python 3.10.2 on win32)" generated="20220317 13:03:38.421" rpa="false" schemaversion="2">
<suite id="s1" name="SakilaDB" source="C:\Users\carlos.picon\Development\robot-scripts\SakilaDataBase\Tests\SakilaDB.robot">
<test id="s1-t1" name="Should be able to add a new language in &quot;LocalHost&quot;">
<kw name="Begin Web Test" library="CommonWeb" type="SETUP">
<kw name="Open Browser" library="SeleniumLibrary">
<arg>${URL}</arg>
<arg>${BROWSER}</arg>
<doc>Opens a new browser instance to the optional ``url``.</doc>
<msg timestamp="20220317 13:03:38.679" level="INFO">Opening browser 'chrome' to base url 'http://localhost:3000/'.</msg>
<status status="PASS" starttime="20220317 13:03:38.678" endtime="20220317 13:03:40.865"/>
</kw>
<kw name="Maximize Browser Window" library="SeleniumLibrary">
<doc>Maximizes current browser window.</doc>
<status status="PASS" starttime="20220317 13:03:40.866" endtime="20220317 13:03:41.021"/>
</kw>
<status status="PASS" starttime="20220317 13:03:38.678" endtime="20220317 13:03:41.021"/>
</kw>
<kw name="Get Selection From User" library="Dialogs">
<var>${new_browser}</var>
<arg>Which browser?</arg>
<arg>chrome</arg>
<arg>ie</arg>
<arg>edge</arg>
<doc>Pauses test execution and asks user to select a value.</doc>
<msg timestamp="20220317 13:03:43.711" level="INFO">${new_browser} = chrome</msg>
<status status="PASS" starttime="20220317 13:03:41.021" endtime="20220317 13:03:43.712"/>
</kw>
<kw name="Set Global Variable" library="BuiltIn">
<arg>${BROWSER}</arg>
<arg>${new_browser}</arg>
<doc>Makes a variable available globally in all tests and suites.</doc>
<msg timestamp="20220317 13:03:43.713" level="INFO">${BROWSER} = chrome</msg>
<status status="PASS" starttime="20220317 13:03:43.712" endtime="20220317 13:03:43.713"/>
</kw>
<kw name="Go to Landing Page" library="SakilaDBApp">
<kw name="Navigate to" library="Landing">
<kw name="Go To" library="SeleniumLibrary">
<arg>${URL}</arg>
<doc>Navigates the current browser window to the provided ``url``.</doc>
<msg timestamp="20220317 13:03:43.714" level="INFO">Opening url 'http://localhost:3000/'</msg>
<status status="PASS" starttime="20220317 13:03:43.714" endtime="20220317 13:03:43.816"/>
</kw>
<kw name="Sleep" library="BuiltIn">
<arg>3s</arg>
<doc>Pauses the test executed for the given time.</doc>
<msg timestamp="20220317 13:03:46.828" level="INFO">Slept 3 seconds</msg>
<status status="PASS" starttime="20220317 13:03:43.816" endtime="20220317 13:03:46.828"/>
</kw>
<status status="PASS" starttime="20220317 13:03:43.714" endtime="20220317 13:03:46.828"/>
</kw>
<kw name="Verify Page Loaded" library="Landing">
<kw name="Select Frame" library="SeleniumLibrary">
<arg>${LANDING_NAVIGATION_ELEMENT}</arg>
<doc>Sets frame identified by ``locator`` as the current frame.</doc>
<msg timestamp="20220317 13:03:46.829" level="INFO">Selecting frame '//*[@id="root"]/frameset/frameset/frame[2]'.</msg>
<status status="PASS" starttime="20220317 13:03:46.828" endtime="20220317 13:03:46.853"/>
</kw>
<kw name="Current Frame Should Contain" library="SeleniumLibrary">
<arg>Films</arg>
<doc>Verifies that the current frame contains ``text``.</doc>
<msg timestamp="20220317 13:03:46.860" level="INFO">Current frame contains text 'Films'.</msg>
<status status="PASS" starttime="20220317 13:03:46.853" endtime="20220317 13:03:46.860"/>
</kw>
<kw name="Unselect Frame" library="SeleniumLibrary">
<doc>Sets the main frame as the current frame.</doc>
<status status="PASS" starttime="20220317 13:03:46.860" endtime="20220317 13:03:46.862"/>
</kw>
<status status="PASS" starttime="20220317 13:03:46.828" endtime="20220317 13:03:46.862"/>
</kw>
<status status="PASS" starttime="20220317 13:03:43.713" endtime="20220317 13:03:46.862"/>
</kw>
<kw name="Go to Languages" library="SakilaDBApp">
<kw name="Click Languages Button" library="Languages">
<kw name="Select Frame" library="SeleniumLibrary">
<arg>${MENU_NAVIGATION_ELEMENT}</arg>
<doc>Sets frame identified by ``locator`` as the current frame.</doc>
<msg timestamp="20220317 13:03:46.863" level="INFO">Selecting frame '//*[@id="root"]/frameset/frameset/frame[1]'.</msg>
<status status="PASS" starttime="20220317 13:03:46.863" endtime="20220317 13:03:46.886"/>
</kw>
<kw name="Click Button" library="SeleniumLibrary">
<arg>${FRAME_1_LANGUAGES_BUTTON}</arg>
<doc>Clicks the button identified by ``locator``.</doc>
<msg timestamp="20220317 13:03:46.886" level="INFO">Clicking button '//*[@id="root"]/ul/li[3]/button'.</msg>
<status status="PASS" starttime="20220317 13:03:46.886" endtime="20220317 13:03:46.960"/>
</kw>
<kw name="Pause Execution" library="Dialogs">
<doc>Pauses test execution until user clicks ``Ok`` button.</doc>
<status status="PASS" starttime="20220317 13:03:46.960" endtime="20220317 13:03:48.913"/>
</kw>
<kw name="Unselect Frame" library="SeleniumLibrary">
<doc>Sets the main frame as the current frame.</doc>
<status status="PASS" starttime="20220317 13:03:48.913" endtime="20220317 13:03:48.916"/>
</kw>
<kw name="Sleep" library="BuiltIn">
<arg>3s</arg>
<doc>Pauses the test executed for the given time.</doc>
<msg timestamp="20220317 13:03:51.926" level="INFO">Slept 3 seconds</msg>
<status status="PASS" starttime="20220317 13:03:48.916" endtime="20220317 13:03:51.926"/>
</kw>
<status status="PASS" starttime="20220317 13:03:46.863" endtime="20220317 13:03:51.926"/>
</kw>
<status status="PASS" starttime="20220317 13:03:46.863" endtime="20220317 13:03:51.926"/>
</kw>
<kw name="Click Add new language" library="SakilaDBApp">
<kw name="Click &quot; Add a new language&quot; Button" library="Languages">
<kw name="Select Frame" library="SeleniumLibrary">
<arg>${LANGUAGE_NAVIGATION_ELEMENT}</arg>
<doc>Sets frame identified by ``locator`` as the current frame.</doc>
<msg timestamp="20220317 13:03:51.928" level="INFO">Selecting frame '//*[@id="root"]/frameset/frameset/frame[2]'.</msg>
<status status="PASS" starttime="20220317 13:03:51.927" endtime="20220317 13:03:51.956"/>
</kw>
<kw name="Click Button" library="SeleniumLibrary">
<arg>${ADD_LANGUAGES_BUTTON}</arg>
<doc>Clicks the button identified by ``locator``.</doc>
<msg timestamp="20220317 13:03:51.958" level="INFO">Clicking button '//*[@id="root"]/dl[2]/button[2]'.</msg>
<status status="PASS" starttime="20220317 13:03:51.957" endtime="20220317 13:03:52.021"/>
</kw>
<kw name="Sleep" library="BuiltIn">
<arg>3s</arg>
<doc>Pauses the test executed for the given time.</doc>
<msg timestamp="20220317 13:03:55.037" level="INFO">Slept 3 seconds</msg>
<status status="PASS" starttime="20220317 13:03:52.021" endtime="20220317 13:03:55.037"/>
</kw>
<kw name="Unselect Frame" library="SeleniumLibrary">
<doc>Sets the main frame as the current frame.</doc>
<status status="PASS" starttime="20220317 13:03:55.037" endtime="20220317 13:03:55.043"/>
</kw>
<status status="PASS" starttime="20220317 13:03:51.927" endtime="20220317 13:03:55.044"/>
</kw>
<status status="PASS" starttime="20220317 13:03:51.927" endtime="20220317 13:03:55.044"/>
</kw>
<kw name="Fill new language box" library="SakilaDBApp">
<kw name="Type A Language" library="Languages">
<kw name="Select Frame" library="SeleniumLibrary">
<arg>${LANGUAGE_NAVIGATION_ELEMENT}</arg>
<doc>Sets frame identified by ``locator`` as the current frame.</doc>
<msg timestamp="20220317 13:03:55.046" level="INFO">Selecting frame '//*[@id="root"]/frameset/frameset/frame[2]'.</msg>
<status status="PASS" starttime="20220317 13:03:55.046" endtime="20220317 13:03:55.070"/>
</kw>
<kw name="Input Text" library="SeleniumLibrary">
<arg>${ADD_LANGUAGES_BOX}</arg>
<arg>Spanish</arg>
<doc>Types the given ``text`` into the text field identified by ``locator``.</doc>
<msg timestamp="20220317 13:03:55.070" level="INFO">Typing text 'Spanish' into text field '//*[@id="name"]'.</msg>
<status status="PASS" starttime="20220317 13:03:55.070" endtime="20220317 13:03:55.150"/>
</kw>
<kw name="Sleep" library="BuiltIn">
<arg>3s</arg>
<doc>Pauses the test executed for the given time.</doc>
<msg timestamp="20220317 13:03:58.165" level="INFO">Slept 3 seconds</msg>
<status status="PASS" starttime="20220317 13:03:55.151" endtime="20220317 13:03:58.165"/>
</kw>
<kw name="Unselect Frame" library="SeleniumLibrary">
<doc>Sets the main frame as the current frame.</doc>
<status status="PASS" starttime="20220317 13:03:58.165" endtime="20220317 13:03:58.171"/>
</kw>
<status status="PASS" starttime="20220317 13:03:55.045" endtime="20220317 13:03:58.171"/>
</kw>
<status status="PASS" starttime="20220317 13:03:55.045" endtime="20220317 13:03:58.171"/>
</kw>
<kw name="Submit New Language" library="SakilaDBApp">
<kw name="Submit" library="Languages">
<kw name="Select Frame" library="SeleniumLibrary">
<arg>${LANGUAGE_NAVIGATION_ELEMENT}</arg>
<doc>Sets frame identified by ``locator`` as the current frame.</doc>
<msg timestamp="20220317 13:03:58.173" level="INFO">Selecting frame '//*[@id="root"]/frameset/frameset/frame[2]'.</msg>
<status status="PASS" starttime="20220317 13:03:58.172" endtime="20220317 13:03:58.190"/>
</kw>
<kw name="Click Button" library="SeleniumLibrary">
<arg>${SUBMIT_BUTTON}</arg>
<doc>Clicks the button identified by ``locator``.</doc>
<msg timestamp="20220317 13:03:58.190" level="INFO">Clicking button '//*[@id="root"]/div/form/button'.</msg>
<status status="PASS" starttime="20220317 13:03:58.190" endtime="20220317 13:03:58.243"/>
</kw>
<kw name="Sleep" library="BuiltIn">
<arg>3s</arg>
<doc>Pauses the test executed for the given time.</doc>
<msg timestamp="20220317 13:04:01.259" level="INFO">Slept 3 seconds</msg>
<status status="PASS" starttime="20220317 13:03:58.243" endtime="20220317 13:04:01.259"/>
</kw>
<kw name="Unselect Frame" library="SeleniumLibrary">
<doc>Sets the main frame as the current frame.</doc>
<status status="PASS" starttime="20220317 13:04:01.259" endtime="20220317 13:04:01.264"/>
</kw>
<status status="PASS" starttime="20220317 13:03:58.172" endtime="20220317 13:04:01.264"/>
</kw>
<status status="PASS" starttime="20220317 13:03:58.172" endtime="20220317 13:04:01.264"/>
</kw>
<kw name="End Web Test" library="CommonWeb" type="TEARDOWN">
<kw name="Close All Browsers" library="SeleniumLibrary">
<doc>Closes all open browsers and resets the browser cache.</doc>
<status status="PASS" starttime="20220317 13:04:01.266" endtime="20220317 13:04:03.420"/>
</kw>
<status status="PASS" starttime="20220317 13:04:01.265" endtime="20220317 13:04:03.420"/>
</kw>
<doc>This is test 1</doc>
<tag>test1</tag>
<status status="PASS" starttime="20220317 13:03:38.676" endtime="20220317 13:04:03.422"/>
</test>
<test id="s1-t2" name="Should be able to access &quot;LocalHost&quot;">
<kw name="Begin Web Test" library="CommonWeb" type="SETUP">
<kw name="Open Browser" library="SeleniumLibrary">
<arg>${URL}</arg>
<arg>${BROWSER}</arg>
<doc>Opens a new browser instance to the optional ``url``.</doc>
<msg timestamp="20220317 13:04:03.426" level="INFO">Opening browser 'chrome' to base url 'http://localhost:3000/'.</msg>
<status status="PASS" starttime="20220317 13:04:03.426" endtime="20220317 13:04:05.107"/>
</kw>
<kw name="Maximize Browser Window" library="SeleniumLibrary">
<doc>Maximizes current browser window.</doc>
<status status="PASS" starttime="20220317 13:04:05.107" endtime="20220317 13:04:05.266"/>
</kw>
<status status="PASS" starttime="20220317 13:04:03.425" endtime="20220317 13:04:05.266"/>
</kw>
<kw name="Go to Landing Page" library="SakilaDBApp">
<kw name="Navigate to" library="Landing">
<kw name="Go To" library="SeleniumLibrary">
<arg>${URL}</arg>
<doc>Navigates the current browser window to the provided ``url``.</doc>
<msg timestamp="20220317 13:04:05.267" level="INFO">Opening url 'http://localhost:3000/'</msg>
<status status="PASS" starttime="20220317 13:04:05.267" endtime="20220317 13:04:05.336"/>
</kw>
<kw name="Sleep" library="BuiltIn">
<arg>3s</arg>
<doc>Pauses the test executed for the given time.</doc>
<msg timestamp="20220317 13:04:08.352" level="INFO">Slept 3 seconds</msg>
<status status="PASS" starttime="20220317 13:04:05.337" endtime="20220317 13:04:08.352"/>
</kw>
<status status="PASS" starttime="20220317 13:04:05.267" endtime="20220317 13:04:08.352"/>
</kw>
<kw name="Verify Page Loaded" library="Landing">
<kw name="Select Frame" library="SeleniumLibrary">
<arg>${LANDING_NAVIGATION_ELEMENT}</arg>
<doc>Sets frame identified by ``locator`` as the current frame.</doc>
<msg timestamp="20220317 13:04:08.352" level="INFO">Selecting frame '//*[@id="root"]/frameset/frameset/frame[2]'.</msg>
<status status="PASS" starttime="20220317 13:04:08.352" endtime="20220317 13:04:08.377"/>
</kw>
<kw name="Current Frame Should Contain" library="SeleniumLibrary">
<arg>Films</arg>
<doc>Verifies that the current frame contains ``text``.</doc>
<msg timestamp="20220317 13:04:08.386" level="INFO">Current frame contains text 'Films'.</msg>
<status status="PASS" starttime="20220317 13:04:08.377" endtime="20220317 13:04:08.386"/>
</kw>
<kw name="Unselect Frame" library="SeleniumLibrary">
<doc>Sets the main frame as the current frame.</doc>
<status status="PASS" starttime="20220317 13:04:08.386" endtime="20220317 13:04:08.388"/>
</kw>
<status status="PASS" starttime="20220317 13:04:08.352" endtime="20220317 13:04:08.388"/>
</kw>
<status status="PASS" starttime="20220317 13:04:05.267" endtime="20220317 13:04:08.389"/>
</kw>
<kw name="Go to Languages" library="SakilaDBApp">
<kw name="Click Languages Button" library="Languages">
<kw name="Select Frame" library="SeleniumLibrary">
<arg>${MENU_NAVIGATION_ELEMENT}</arg>
<doc>Sets frame identified by ``locator`` as the current frame.</doc>
<msg timestamp="20220317 13:04:08.390" level="INFO">Selecting frame '//*[@id="root"]/frameset/frameset/frame[1]'.</msg>
<status status="PASS" starttime="20220317 13:04:08.390" endtime="20220317 13:04:08.410"/>
</kw>
<kw name="Click Button" library="SeleniumLibrary">
<arg>${FRAME_1_LANGUAGES_BUTTON}</arg>
<doc>Clicks the button identified by ``locator``.</doc>
<msg timestamp="20220317 13:04:08.411" level="INFO">Clicking button '//*[@id="root"]/ul/li[3]/button'.</msg>
<status status="PASS" starttime="20220317 13:04:08.411" endtime="20220317 13:04:08.486"/>
</kw>
<kw name="Pause Execution" library="Dialogs">
<doc>Pauses test execution until user clicks ``Ok`` button.</doc>
<status status="PASS" starttime="20220317 13:04:08.486" endtime="20220317 13:04:15.097"/>
</kw>
<kw name="Unselect Frame" library="SeleniumLibrary">
<doc>Sets the main frame as the current frame.</doc>
<status status="PASS" starttime="20220317 13:04:15.097" endtime="20220317 13:04:15.100"/>
</kw>
<kw name="Sleep" library="BuiltIn">
<arg>3s</arg>
<doc>Pauses the test executed for the given time.</doc>
<msg timestamp="20220317 13:04:18.106" level="INFO">Slept 3 seconds</msg>
<status status="PASS" starttime="20220317 13:04:15.100" endtime="20220317 13:04:18.106"/>
</kw>
<status status="PASS" starttime="20220317 13:04:08.389" endtime="20220317 13:04:18.106"/>
</kw>
<status status="PASS" starttime="20220317 13:04:08.389" endtime="20220317 13:04:18.107"/>
</kw>
<kw name="End Web Test" library="CommonWeb" type="TEARDOWN">
<kw name="Close All Browsers" library="SeleniumLibrary">
<doc>Closes all open browsers and resets the browser cache.</doc>
<status status="PASS" starttime="20220317 13:04:18.109" endtime="20220317 13:04:20.271"/>
</kw>
<status status="PASS" starttime="20220317 13:04:18.108" endtime="20220317 13:04:20.272"/>
</kw>
<doc>This is test 1</doc>
<tag>test1</tag>
<status status="PASS" starttime="20220317 13:04:03.424" endtime="20220317 13:04:20.272"/>
</test>
<status status="PASS" starttime="20220317 13:03:38.424" endtime="20220317 13:04:20.275"/>
</suite>
<statistics>
<total>
<stat pass="2" fail="0" skip="0">All Tests</stat>
</total>
<tag>
<stat pass="2" fail="0" skip="0">test1</stat>
</tag>
<suite>
<stat pass="2" fail="0" skip="0" id="s1" name="SakilaDB">SakilaDB</stat>
</suite>
</statistics>
<errors>
</errors>
</robot>
