<?xml version="1.0" encoding="UTF-8"?>
<robot generator="Robot 4.1.3 (Python 3.10.2 on win32)" generated="20220505 12:03:26.184" rpa="false" schemaversion="2">
<suite id="s1" name="Demo Amazon" source="C:\Users\carlos.picon\Development\robot-scripts\keyhword_demo\Test\demo_amazon.robot">
<test id="s1-t1" name="Should be able to login from Web Home">
<kw name="Begin Web Test" library="common" type="SETUP">
<kw name="Open Browser" library="SeleniumLibrary">
<arg>about:blank</arg>
<arg>${BROWSER}</arg>
<doc>Opens a new browser instance to the optional ``url``.</doc>
<msg timestamp="20220505 12:03:26.399" level="INFO">Opening browser 'chrome' to base url 'about:blank'.</msg>
<status status="PASS" starttime="20220505 12:03:26.399" endtime="20220505 12:03:27.676"/>
</kw>
<status status="PASS" starttime="20220505 12:03:26.399" endtime="20220505 12:03:27.677"/>
</kw>
<kw name="Load" library="LandingPage">
<kw name="Go To" library="SeleniumLibrary">
<arg>${WEB_PAGE}</arg>
<doc>Navigates the current browser window to the provided ``url``.</doc>
<msg timestamp="20220505 12:03:27.678" level="INFO">Opening url 'http://www.amazon.com'</msg>
<status status="PASS" starttime="20220505 12:03:27.678" endtime="20220505 12:03:29.116"/>
</kw>
<status status="PASS" starttime="20220505 12:03:27.677" endtime="20220505 12:03:29.116"/>
</kw>
<kw name="Verify Page Loaded" library="LandingPage">
<kw name="Wait Until Page Contains" library="SeleniumLibrary">
<arg>amazon.com</arg>
<doc>Waits until ``text`` appears on the current page.</doc>
<status status="PASS" starttime="20220505 12:03:29.117" endtime="20220505 12:03:29.163"/>
</kw>
<status status="PASS" starttime="20220505 12:03:29.117" endtime="20220505 12:03:29.164"/>
</kw>
<kw name="Click &quot;Sign In&quot; in TopNav" library="AmazonApp">
<kw name="Click on Sign In" library="TopNav">
<kw name="Click Button" library="SeleniumLibrary">
<arg>//a[@id='nav-link-accountList-nav-line-1']</arg>
<doc>Clicks the button identified by ``locator``.</doc>
<msg timestamp="20220505 12:03:29.165" level="INFO">Clicking button '//a[@id='nav-link-accountList-nav-line-1']'.</msg>
<msg timestamp="20220505 12:03:29.462" level="INFO" html="true">&lt;/td&gt;&lt;/tr&gt;&lt;tr&gt;&lt;td colspan="3"&gt;&lt;a href="selenium-screenshot-112.png"&gt;&lt;img src="selenium-screenshot-112.png" width="800px"&gt;&lt;/a&gt;</msg>
<msg timestamp="20220505 12:03:29.470" level="FAIL">Button with locator '//a[@id='nav-link-accountList-nav-line-1']' not found.</msg>
<status status="FAIL" starttime="20220505 12:03:29.165" endtime="20220505 12:03:29.470"/>
</kw>
<kw name="Sleep" library="BuiltIn">
<arg>2s</arg>
<doc>Pauses the test executed for the given time.</doc>
<status status="NOT RUN" starttime="20220505 12:03:29.471" endtime="20220505 12:03:29.471"/>
</kw>
<status status="FAIL" starttime="20220505 12:03:29.165" endtime="20220505 12:03:29.471"/>
</kw>
<status status="FAIL" starttime="20220505 12:03:29.164" endtime="20220505 12:03:29.472"/>
</kw>
<kw name="Login" library="AmazonApp">
<arg>${LOGIN_EMAIL}</arg>
<status status="NOT RUN" starttime="20220505 12:03:29.472" endtime="20220505 12:03:29.472"/>
</kw>
<kw name="End Web Test" library="common" type="TEARDOWN">
<kw name="Close Browser" library="SeleniumLibrary">
<doc>Closes the current browser.</doc>
<status status="PASS" starttime="20220505 12:03:29.473" endtime="20220505 12:03:31.658"/>
</kw>
<status status="PASS" starttime="20220505 12:03:29.472" endtime="20220505 12:03:31.658"/>
</kw>
<status status="FAIL" starttime="20220505 12:03:26.399" endtime="20220505 12:03:31.659">Button with locator '//a[@id='nav-link-accountList-nav-line-1']' not found.</status>
</test>
<doc>This is some basic info about the whole suite</doc>
<status status="FAIL" starttime="20220505 12:03:26.187" endtime="20220505 12:03:31.664"/>
</suite>
<statistics>
<total>
<stat pass="0" fail="1" skip="0">All Tests</stat>
</total>
<tag>
</tag>
<suite>
<stat pass="0" fail="1" skip="0" id="s1" name="Demo Amazon">Demo Amazon</stat>
</suite>
</statistics>
<errors>
</errors>
</robot>
