<?xml version="1.0" encoding="UTF-8"?>
<robot generator="Robot 4.1.3 (Python 3.10.2 on win32)" generated="20220311 13:03:07.494" rpa="false" schemaversion="2">
<suite id="s1" name="Amazon" source="C:\Users\carlos.picon\Development\robot-scripts\amazon\Test\Product 1\Web\Amazon.robot">
<test id="s1-t1" name="User must sign in to check out">
<kw name="Open Browser" library="SeleniumLibrary">
<arg>https://www.amazon.co.uk/</arg>
<arg>chrome</arg>
<doc>Opens a new browser instance to the optional ``url``.</doc>
<msg timestamp="20220311 13:03:07.674" level="INFO">Opening browser 'chrome' to base url 'https://www.amazon.co.uk/'.</msg>
<status status="PASS" starttime="20220311 13:03:07.674" endtime="20220311 13:03:10.061"/>
</kw>
<kw name="Sleep" library="BuiltIn">
<arg>3s</arg>
<doc>Pauses the test executed for the given time.</doc>
<msg timestamp="20220311 13:03:13.065" level="INFO">Slept 3 seconds</msg>
<status status="PASS" starttime="20220311 13:03:10.062" endtime="20220311 13:03:13.065"/>
</kw>
<kw name="Close Browser" library="SeleniumLibrary">
<doc>Closes the current browser.</doc>
<status status="PASS" starttime="20220311 13:03:13.065" endtime="20220311 13:03:15.228"/>
</kw>
<doc>This is some basic info about the test</doc>
<tag>Smoke</tag>
<status status="PASS" starttime="20220311 13:03:07.673" endtime="20220311 13:03:15.229"/>
</test>
<doc>This is some basic info about the whole suite</doc>
<status status="PASS" starttime="20220311 13:03:07.496" endtime="20220311 13:03:15.230"/>
</suite>
<statistics>
<total>
<stat pass="1" fail="0" skip="0">All Tests</stat>
</total>
<tag>
<stat pass="1" fail="0" skip="0">Smoke</stat>
</tag>
<suite>
<stat pass="1" fail="0" skip="0" id="s1" name="Amazon">Amazon</stat>
</suite>
</statistics>
<errors>
</errors>
</robot>
